10:16:10,144 INFO  - Initiate connection from 0.0.0.0/0.0.0.0:0 to 192.168.50.154:104
10:16:10,148 INFO  - Established connection Socket[addr=/192.168.50.154,port=104,localport=37535]
10:16:10,155 DEBUG - /192.168.50.79:37535->/192.168.50.154:104(1): enter state: Sta4 - Awaiting transport connection opening to complete
10:16:10,156 INFO  - FALPSENDER1->TTXMNQYWL(1) << A-ASSOCIATE-RQ
10:16:10,163 DEBUG - A-ASSOCIATE-RQ[
  calledAET: TTXMNQYWL
  callingAET: FALPSENDER1
  applicationContext: 1.2.840.10008.3.1.1.1 - DICOM Application Context Name
  implClassUID: 1.2.40.0.13.1.3
  implVersionName: dcm4che-5.24.0
  maxPDULength: 16378
  maxOpsInvoked/maxOpsPerformed: 0/0
  PresentationContext[id: 1
    as: 1.2.840.10008.5.1.4.1.2.2.1 - Study Root Query/Retrieve Information Model - FIND
    ts: 1.2.840.10008.1.2 - Implicit VR Little Endian
    ts: 1.2.840.10008.1.2.1 - Explicit VR Little Endian
    ts: 1.2.840.10008.1.2.2 - Explicit VR Big Endian (Retired)
  ]
]
10:16:10,163 DEBUG - FALPSENDER1->TTXMNQYWL(1): enter state: Sta5 - Awaiting A-ASSOCIATE-AC or A-ASSOCIATE-RJ PDU
10:16:10,165 INFO  - FALPSENDER1->TTXMNQYWL(1) >> A-ASSOCIATE-AC
10:16:10,166 DEBUG - A-ASSOCIATE-AC[
  calledAET: TTXMNQYWL
  callingAET: FALPSENDER1
  applicationContext: 1.2.840.10008.3.1.1.1 - DICOM Application Context Name
  implClassUID: 1.2.40.0.13.1.3
  implVersionName: EntImaging-8.1.2
  maxPDULength: 16378
  maxOpsInvoked/maxOpsPerformed: 20/20
  PresentationContext[id: 1
    result: 0 - acceptance
    ts: 1.2.840.10008.1.2.1 - Explicit VR Little Endian
  ]
]
10:16:10,166 DEBUG - FALPSENDER1->TTXMNQYWL(1): enter state: Sta6 - Association established and ready for data transfer
10:16:10,168 INFO  - FALPSENDER1->TTXMNQYWL(1) << 1:C-FIND-RQ[pcid=1, prior=0
  cuid=1.2.840.10008.5.1.4.1.2.2.1 - Study Root Query/Retrieve Information Model - FIND
  tsuid=1.2.840.10008.1.2.1 - Explicit VR Little Endian]
10:16:10,192 DEBUG - FALPSENDER1->TTXMNQYWL(1) << 1:C-FIND-RQ Command:
(0000,0002) UI [1.2.840.10008.5.1.4.1.2.2.1] AffectedSOPClassUID
(0000,0100) US [32] CommandField
(0000,0110) US [1] MessageID
(0000,0700) US [0] Priority
(0000,0800) US [0] CommandDataSetType

10:16:10,194 DEBUG - FALPSENDER1->TTXMNQYWL(1) << 1:C-FIND-RQ Dataset:
(0008,0020) DA [20211001-20211020] StudyDate
(0008,0050) SH [] AccessionNumber
(0008,0052) CS [STUDY] QueryRetrieveLevel
(0020,000D) UI [] StudyInstanceUID

10:16:10,209 INFO  - FALPSENDER1->TTXMNQYWL(1) >> 1:C-FIND-RSP[pcid=1, status=0H
  cuid=1.2.840.10008.5.1.4.1.2.2.1 - Study Root Query/Retrieve Information Model - FIND
  tsuid=1.2.840.10008.1.2.1 - Explicit VR Little Endian]
10:16:10,209 DEBUG - FALPSENDER1->TTXMNQYWL(1) >> 1:C-FIND-RSP Command:
(0000,0002) UI [1.2.840.10008.5.1.4.1.2.2.1] AffectedSOPClassUID
(0000,0100) US [32800] CommandField
(0000,0120) US [1] MessageIDBeingRespondedTo
(0000,0800) US [257] CommandDataSetType
(0000,0900) US [0] Status

10:16:10,210 INFO  - FALPSENDER1->TTXMNQYWL(1) << A-RELEASE-RQ
10:16:10,210 DEBUG - FALPSENDER1->TTXMNQYWL(1): enter state: Sta7 - Awaiting A-RELEASE-RP PDU
10:16:10,210 INFO  - FALPSENDER1->TTXMNQYWL(1) >> A-RELEASE-RP
10:16:10,210 INFO  - FALPSENDER1->TTXMNQYWL(1): close Socket[addr=/192.168.50.154,port=104,localport=37535]
10:16:10,210 DEBUG - FALPSENDER1->TTXMNQYWL(1): enter state: Sta1 - Idle
